[2023-11-28 15:19:09,380] INFO Starting the log cleaner (kafka.log.LogCleaner)
[2023-11-28 15:19:09,431] INFO [kafka-log-cleaner-thread-0]: Starting (kafka.log.LogCleaner)
[2023-11-28 15:19:34,593] INFO Starting the log cleaner (kafka.log.LogCleaner)
[2023-11-28 15:19:34,652] INFO [kafka-log-cleaner-thread-0]: Starting (kafka.log.LogCleaner)
[2023-11-28 15:19:45,257] INFO Starting the log cleaner (kafka.log.LogCleaner)
[2023-11-28 15:19:45,311] INFO [kafka-log-cleaner-thread-0]: Starting (kafka.log.LogCleaner)
[2023-11-28 15:21:08,918] INFO Shutting down the log cleaner. (kafka.log.LogCleaner)
[2023-11-28 15:21:08,918] INFO [kafka-log-cleaner-thread-0]: Shutting down (kafka.log.LogCleaner)
[2023-11-28 15:21:08,918] INFO [kafka-log-cleaner-thread-0]: Stopped (kafka.log.LogCleaner)
[2023-11-28 15:21:08,918] INFO [kafka-log-cleaner-thread-0]: Shutdown completed (kafka.log.LogCleaner)
[2023-11-28 15:21:18,173] INFO Shutting down the log cleaner. (kafka.log.LogCleaner)
[2023-11-28 15:21:18,173] INFO [kafka-log-cleaner-thread-0]: Shutting down (kafka.log.LogCleaner)
[2023-11-28 15:21:18,174] INFO [kafka-log-cleaner-thread-0]: Stopped (kafka.log.LogCleaner)
[2023-11-28 15:21:18,174] INFO [kafka-log-cleaner-thread-0]: Shutdown completed (kafka.log.LogCleaner)
[2023-11-28 15:21:25,711] INFO Shutting down the log cleaner. (kafka.log.LogCleaner)
[2023-11-28 15:21:25,712] INFO [kafka-log-cleaner-thread-0]: Shutting down (kafka.log.LogCleaner)
[2023-11-28 15:21:25,713] INFO [kafka-log-cleaner-thread-0]: Stopped (kafka.log.LogCleaner)
[2023-11-28 15:21:25,713] INFO [kafka-log-cleaner-thread-0]: Shutdown completed (kafka.log.LogCleaner)
[2023-11-28 15:21:54,375] INFO Starting the log cleaner (kafka.log.LogCleaner)
[2023-11-28 15:21:54,434] INFO [kafka-log-cleaner-thread-0]: Starting (kafka.log.LogCleaner)
[2023-11-28 15:22:08,817] INFO Starting the log cleaner (kafka.log.LogCleaner)
[2023-11-28 15:22:08,871] INFO [kafka-log-cleaner-thread-0]: Starting (kafka.log.LogCleaner)
[2023-11-28 15:22:18,377] INFO Starting the log cleaner (kafka.log.LogCleaner)
[2023-11-28 15:22:18,440] INFO [kafka-log-cleaner-thread-0]: Starting (kafka.log.LogCleaner)
[2023-12-01 12:46:24,323] INFO Starting the log cleaner (kafka.log.LogCleaner)
[2023-12-01 12:46:24,395] INFO [kafka-log-cleaner-thread-0]: Starting (kafka.log.LogCleaner)
[2023-12-01 12:46:42,969] INFO Starting the log cleaner (kafka.log.LogCleaner)
[2023-12-01 12:46:43,035] INFO [kafka-log-cleaner-thread-0]: Starting (kafka.log.LogCleaner)
[2023-12-01 12:46:58,802] INFO Starting the log cleaner (kafka.log.LogCleaner)
[2023-12-01 12:46:58,872] INFO [kafka-log-cleaner-thread-0]: Starting (kafka.log.LogCleaner)
[2023-12-06 15:18:07,476] INFO Starting the log cleaner (kafka.log.LogCleaner)
[2023-12-06 15:18:07,536] INFO [kafka-log-cleaner-thread-0]: Starting (kafka.log.LogCleaner)
[2023-12-06 15:18:25,778] INFO Starting the log cleaner (kafka.log.LogCleaner)
[2023-12-06 15:18:25,831] INFO [kafka-log-cleaner-thread-0]: Starting (kafka.log.LogCleaner)
[2023-12-06 15:18:43,647] INFO Starting the log cleaner (kafka.log.LogCleaner)
[2023-12-06 15:18:43,700] INFO [kafka-log-cleaner-thread-0]: Starting (kafka.log.LogCleaner)
[2023-12-06 15:25:57,852] INFO Starting the log cleaner (kafka.log.LogCleaner)
[2023-12-06 15:25:57,904] INFO [kafka-log-cleaner-thread-0]: Starting (kafka.log.LogCleaner)
[2023-12-06 15:26:05,383] INFO Starting the log cleaner (kafka.log.LogCleaner)
[2023-12-06 15:26:05,436] INFO [kafka-log-cleaner-thread-0]: Starting (kafka.log.LogCleaner)
[2023-12-06 15:26:10,845] INFO Starting the log cleaner (kafka.log.LogCleaner)
[2023-12-06 15:26:11,036] INFO [kafka-log-cleaner-thread-0]: Starting (kafka.log.LogCleaner)
